<?xml version="1.0" encoding="UTF-8"?>
<!-- Generated by org.testng.reporters.JUnitReportReporter -->
<testsuite hostname="NANY1203LP83ZP2" failures="0" tests="3" name="com.testing.TestNGsample" time="2.966" errors="0" timestamp="2022-02-18T14:42:35 EST" skipped="0">
  <testcase classname="com.testing.TestNGsample" name="load" time="0.008"/>
  <system-out/>
  <testcase classname="com.testing.TestNGsample" name="click" time="2.946"/>
  <system-out/>
  <testcase classname="com.testing.TestNGsample" name="verifyLink" time="0.012"/>
  <system-out/>
</testsuite> <!-- com.testing.TestNGsample -->
