<?xml version="1.0" encoding="UTF-8"?>
<!-- Generated by org.testng.reporters.JUnitReportReporter -->
<testsuite hostname="NANY1203LP83ZP2" failures="0" tests="1" name="com.testing.FacebookLogin" time="0.674" errors="0" timestamp="2022-02-19T00:12:12 EST" skipped="0">
  <testcase classname="com.testing.FacebookLogin" name="fbLogin" time="0.674"/>
  <system-out/>
</testsuite> <!-- com.testing.FacebookLogin -->
